2025-10-18 00:00:00 [http-nio-8083-exec-6] DEBUG o.s.web.servlet.DispatcherServlet - GET "/requests/11?user_id=14&role=DONOR&email=aru.nur.2019@gmail.com", parameters={masked}
2025-10-18 00:00:00 [http-nio-8083-exec-6] DEBUG o.s.w.s.m.m.a.RequestMappingHandlerMapping - Mapped to org.example.bloodrequestservice.BloodRequestController#view_details(Long, Model)
2025-10-18 00:00:00 [http-nio-8083-exec-6] DEBUG org.hibernate.SQL - 
    select
        br1_0.blood_request_id,
        br1_0.blood_group,
        br1_0.comments,
        br1_0.component_type,
        br1_0.deadline,
        br1_0.medcenter_id,
        br1_0.rhesus_factor,
        br1_0.volume 
    from
        blood_requests br1_0 
    where
        br1_0.blood_request_id=?
2025-10-18 00:00:00 [http-nio-8083-exec-6] DEBUG feign.template.Template - Explicit slash decoding specified, decoding all slashes in uri
2025-10-18 00:00:00 [http-nio-8083-exec-6] DEBUG o.s.w.c.HttpMessageConverterExtractor - Reading to [org.example.bloodrequestservice.MedCenterDto]
2025-10-18 00:00:00 [http-nio-8083-exec-6] DEBUG o.s.w.s.v.ContentNegotiatingViewResolver - Selected 'text/html' given [text/html, application/xhtml+xml, image/avif, image/webp, image/apng, application/xml;q=0.9, */*;q=0.8, application/signed-exchange;v=b3;q=0.7]
2025-10-18 00:00:00 [http-nio-8083-exec-6] DEBUG o.s.web.servlet.DispatcherServlet - Completed 200 OK
2025-10-18 00:00:21 [DiscoveryClient-CacheRefreshExecutor-%d] DEBUG o.s.web.client.RestTemplate - HTTP GET http://localhost:8761/eureka/apps/delta
2025-10-18 00:00:21 [DiscoveryClient-CacheRefreshExecutor-%d] DEBUG o.s.web.client.RestTemplate - Accept=[application/json, application/*+json]
2025-10-18 00:00:21 [DiscoveryClient-CacheRefreshExecutor-%d] DEBUG o.s.web.client.RestTemplate - Response 200 OK
2025-10-18 00:00:21 [DiscoveryClient-CacheRefreshExecutor-%d] DEBUG o.s.web.client.RestTemplate - Reading to [org.springframework.cloud.netflix.eureka.http.EurekaApplications]
2025-10-18 00:00:21 [DiscoveryClient-HeartbeatExecutor-%d] DEBUG o.s.web.client.RestTemplate - HTTP PUT http://localhost:8761/eureka/apps/BLOOD-REQUEST-SERVICE/DESKTOP-S0GM5NP:blood-request-service:8083?status=UP&lastDirtyTimestamp=1760727471463
2025-10-18 00:00:21 [DiscoveryClient-HeartbeatExecutor-%d] DEBUG o.s.web.client.RestTemplate - Accept=[application/json, application/*+json]
2025-10-18 00:00:21 [DiscoveryClient-HeartbeatExecutor-%d] DEBUG o.s.web.client.RestTemplate - Response 200 OK
